[CommunicationLog]
R [4A38A910] : 0
S [4A38A901] : (4100059E10001)
R [4A38A901] : 0
S [4A38A8F1] : (4100059E10001)
R [4A38A8F1] : 0
S [4A38A8E1] : (4100059C10001)
R [4A38A8E1] : 0
S [4A38A8D2] : (4100059C10001)
R [4A38A8D2] : 0
S [4A38A8C2] : (4100059A10001)
R [4A38A8C2] : 0
S [4A38A8B3] : (4100059A10001)
R [4A38A8B3] : 0
S [4A38A8A3] : (4100059810001)
R [4A38A8A3] : 0
S [4A38A893] : (4100059810001)
R [4A38A893] : 0
S [4A38A884] : (4100059610001)
R [4A38A884] : 0
S [4A38A874] : (4100059610001)
R [4A38A874] : 0
S [4A38A865] : (4100059410001)
R [4A38A865] : 0
S [4A38A855] : (4100059410001)
R [4A38A855] : 0
S [4A38A845] : (4100059210001)
R [4A38A845] : 0
S [4A38A836] : (4100059210001)
R [4A38A836] : 0
S [4A38A826] : (4100059010001)
R [4A38A826] : 0
S [4A38A817] : (4100059010001)
R [4A38A817] : 0
S [4A38A807] : (4100058E10001)
R [4A38A807] : 0
S [4A38A7F7] : (4100058E10001)
R [4A38A7F7] : 0
S [4A38A7E8] : (4100058C10001)
R [4A38A7E8] : 0
S [4A38A7D8] : (4100058C10001)
R [4A38A7D8] : 0
S [4A38A7C9] : (4100058C10001)
R [4A38A7C9] : 0
S [4A38A7B9] : (4100055A10001)
R [4A38A7B9] : 0
S [4A38A7A9] : (4100055A10001)
R [4A38A7A9] : 0
S [4A38A79A] : (4100055C10001)
R [4A38A79A] : 0
S [4A38A78A] : (4100055C10001)
R [4A38A78A] : 0
S [4A38A77B] : (4100058810001)
R [4A38A77B] : 0
S [4A38A76B] : (4100058810001)
R [4A38A76B] : 0
S [4A38A74C] : (4100058610001)
R [4A38A74C] : 0
S [4A38A73C] : (4100058610001)
R [4A38A73C] : 0
S [4A38A72D] : (410005C210001)
R [4A38A72D] : 0
S [4A38A71D] : (410005C210001)
R [4A38A71D] : 0
S [4A38A70D] : (410005F010001)
R [4A38A70D] : 0
S [4A38A6FE] : (410005F010001)
R [4A38A6FE] : 0
S [4A38A6EE] : (4100052C10001)
R [4A38A6EE] : 0
S [4A38A6DF] : (4100060610001)
R [4A38A6DF] : 0
S [4A38A6CF] : (4100060610001)
R [4A38A6CF] : 0
S [4A38A6BF] : (4100060410001)
R [4A38A6BF] : 0
S [4A38A6B0] : (4100060410001)
R [4A38A6B0] : 0
S [4A38A6A0] : (4100060210001)
R [4A38A6A0] : 0
S [4A38A691] : (4100060210001)
R [4A38A691] : 0
S [4A38A681] : (410005F810001)
R [4A38A681] : 0
S [4A38A671] : (410005F810001)
R [4A38A671] : 0
S [4A38A662] : (410005F610001)
R [4A38A662] : 0
S [4A38A652] : (410005F610001)
R [4A38A652] : 0
S [4A38A643] : (410005A210001)
R [4A38A643] : 0
S [4A38A633] : (410005A210001)
R [4A38A633] : 0
S [4A38A623] : (4100060010001)
R [4A38A623] : 0
S [4A38A614] : (4100060010001)
R [4A38A614] : 0
S [4A38A604] : (410005FE10001)
R [4A38A604] : 0
S [4A38A5F5] : (410005FE10001)
R [4A38A5F5] : 0
S [4A38A5E5] : (410005FC10001)
R [4A38A5E5] : 0
S [4A38A5D5] : (410005FC10001)
R [4A38A5D5] : 0
S [4A38A5C6] : (410005FA10001)
R [4A38A5C6] : 0
S [4A38A5B6] : (410005FA10001)
R [4A38A5B6] : 0
S [4A38A5A7] : (410005A410001)
R [4A38A5A7] : 0
S [4A38A597] : (410005A410001)
R [4A38A597] : 0
S [4A38A587] : (4100058A10001)
R [4A38A587] : 0
S [4A38A578] : (4100058A10001)
R [4A38A578] : 0000000000001000000000000068500000000000000000000000000000000067E004400CA7E040000FED8
S [4A38A559] : (40)
R [4A38A559] : 01
S [4A38A549] : (34)
R [4A38A549] : 0100CA7E
S [4A38A539] : (35)
R [4A38A539] : 01
S [4A38A52A] : (34)
R [4A38A52A] : 0200CA7E
S [4A38A51A] : (35)
R [4A38A51A] : 0000000000001000000000000068500000000000000000000000000000000067E004400CA7E040000FED8
S [4A38A4EB] : (40)
R [4A38A4CC] : 01
S [4A38A4BD] : (34)
R [4A38A4BD] : 0
S [4A38A4BD] : (3300CA25)
R [4A38A375] : 0
S [4A38A365] : (4100059E10001)
R [4A38A365] : 0
S [4A38A356] : (4100059E10001)
R [4A38A356] : 0
S [4A38A346] : (4100059C10001)
R [4A38A346] : 0
S [4A38A337] : (4100059C10001)
R [4A38A337] : 0
S [4A38A327] : (4100059A10001)
R [4A38A327] : 0
S [4A38A317] : (4100059A10001)
R [4A38A317] : 0
S [4A38A308] : (4100059810001)
R [4A38A308] : 0
S [4A38A2F8] : (4100059810001)
R [4A38A2F8] : 0
S [4A38A2E9] : (4100059610001)
R [4A38A2E9] : 0
S [4A38A2D9] : (4100059610001)
R [4A38A2D9] : 0
S [4A38A2C9] : (4100059410001)
R [4A38A2C9] : 0
S [4A38A2BA] : (4100059410001)
R [4A38A2BA] : 0
S [4A38A2AA] : (4100059210001)
R [4A38A2AA] : 0
S [4A38A29B] : (4100059210001)
R [4A38A28B] : 0
S [4A38A27B] : (4100059010001)
R [4A38A27B] : 0
S [4A38A26C] : (4100059010001)
R [4A38A26C] : 0
S [4A38A25C] : (4100058E10001)
R [4A38A25C] : 0
S [4A38A24D] : (4100058E10001)
R [4A38A24D] : 0
S [4A38A23D] : (4100058C10001)
R [4A38A23D] : 0
S [4A38A22D] : (4100058C10001)
R [4A38A22D] : 0
S [4A38A21E] : (4100058C10001)
R [4A38A21E] : 0
S [4A38A20E] : (4100055A10001)
R [4A38A20E] : 0
S [4A38A1FF] : (4100055A10001)
R [4A38A1FF] : 0
S [4A38A1EF] : (4100055C10001)
R [4A38A1EF] : 0
S [4A38A1DF] : (4100055C10001)
R [4A38A1DF] : 0
S [4A38A1D0] : (4100058810001)
R [4A38A1D0] : 0
S [4A38A1C0] : (4100058810001)
R [4A38A1C0] : 0
S [4A38A1B1] : (4100058610001)
R [4A38A1B1] : 0
S [4A38A1A1] : (4100058610001)
R [4A38A1A1] : 0
S [4A38A191] : (410005F010001)
R [4A38A191] : 0
S [4A38A182] : (410005F010001)
R [4A38A182] : 0
S [4A38A172] : (4100052C10001)
R [4A38A172] : 0
S [4A38A163] : (4100060610001)
R [4A38A163] : 0
S [4A38A153] : (4100060610001)
R [4A38A153] : 0
S [4A38A143] : (4100060410001)
R [4A38A143] : 0
S [4A38A134] : (4100060410001)
R [4A38A134] : 0
S [4A38A124] : (4100060210001)
R [4A38A124] : 0
S [4A38A115] : (4100060210001)
R [4A38A115] : 0
S [4A38A105] : (410005F810001)
R [4A38A105] : 0
S [4A38A0F5] : (410005F810001)
R [4A38A0F5] : 0
S [4A38A0E6] : (410005F610001)
R [4A38A0E6] : 0
S [4A38A0D6] : (410005F610001)
R [4A38A0D6] : 0
S [4A38A0C7] : (410005A210001)
R [4A38A0C7] : 0
S [4A38A0B7] : (410005A210001)
R [4A38A0B7] : 0
S [4A38A0A7] : (4100060010001)
R [4A38A0A7] : 0
S [4A38A098] : (4100060010001)
R [4A38A098] : 0
S [4A38A088] : (410005FE10001)
R [4A38A088] : 0
S [4A38A079] : (410005FE10001)
R [4A38A079] : 0
S [4A38A069] : (410005FC10001)
R [4A38A069] : 0
S [4A38A059] : (410005FC10001)
R [4A38A059] : 0
S [4A38A04A] : (410005FA10001)
R [4A38A04A] : 0
S [4A38A03A] : (410005FA10001)
R [4A38A03A] : 0
S [4A38A01B] : (410005A410001)
R [4A38A01B] : 0
S [4A38A00B] : (410005A410001)
R [4A38A00B] : 0
S [4A389FFC] : (4100058A10001)
R [4A389FFC] : 0
S [4A389FEC] : (4100058A10001)
R [4A389FEC] : 0000100010000000000040002068500000000000000000000000000000000067E004100CA25040000FED8
S [4A389FCD] : (40)
R [4A389FCD] : 01
S [4A389FBD] : (34)
R [4A389FBD] : 0100CA25
S [4A389FAE] : (35)
R [4A389FAE] : 01
S [4A389F9E] : (34)
R [4A389F9E] : 0200CA25
S [4A389F8F] : (35)
R [4A389F8F] : 0000100010000000000040002068500000000000000000000000000000000067E004100CA25040000FED8
S [4A389F6F] : (40)
R [4A389F50] : 01
S [4A389F41] : (34)
R [4A389F41] : 0
S [4A389F31] : (3300CA25)
R [4A389DF9] : 0
S [4A389DE9] : (4100059E10001)
R [4A389DE9] : 0
S [4A389DDA] : (4100059E10001)
R [4A389DDA] : 0
S [4A389DCA] : (4100059C10001)
R [4A389DBB] : 0
S [4A389DAB] : (4100059C10001)
R [4A389DAB] : 0
S [4A389D9B] : (4100059A10001)
R [4A389D9B] : 0
S [4A389D8C] : (4100059A10001)
R [4A389D8C] : 0
S [4A389D7C] : (4100059810001)
R [4A389D7C] : 0
S [4A389D6D] : (4100059810001)
R [4A389D6D] : 0
S [4A389D5D] : (4100059610001)
R [4A389D5D] : 0
S [4A389D4D] : (4100059610001)
R [4A389D4D] : 0
S [4A389D3E] : (4100059410001)
R [4A389D3E] : 0
S [4A389D2E] : (4100059410001)
R [4A389D2E] : 0
S [4A389D1F] : (4100059210001)
R [4A389D1F] : 0
S [4A389D0F] : (4100059210001)
R [4A389D0F] : 0
S [4A389CFF] : (4100059010001)
R [4A389CFF] : 0
S [4A389CF0] : (4100059010001)
R [4A389CF0] : 0
S [4A389CE0] : (4100058E10001)
R [4A389CE0] : 0
S [4A389CD1] : (4100058E10001)
R [4A389CD1] : 0
S [4A389CC1] : (4100058C10001)
R [4A389CC1] : 0
S [4A389CB1] : (4100058C10001)
